2025-10-02 22:38:23:3823 [32minfo[39m: [32mServer is running on port 3000[39m
2025-10-02 22:38:42:3842 [31merror[39m: [31mError in getAllEventsController: [39m
[31mInvalid `this.prisma.events.findMany()` invocation in[39m
[31mC:\Users\ammer\Documents\OELAN\FrontRow\backend\src\repositories\EventRepositoryImpl.ts:106:37[39m

[31m  103  * @returns A promise that resolves to an array of events[39m
[31m  104  */[39m
[31m  105 async findAllByDate(): Promise<Events[]> {[39m
[31m→ 106   return await this.prisma.events.findMany([39m
[31mCan't reach database server at `localhost:54321`[39m

[31mPlease make sure your database server is running at `localhost:54321`.[39m
2025-10-02 22:38:46:3846 [31merror[39m: [31mError in getAllEventsController: [39m
[31mInvalid `this.prisma.events.findMany()` invocation in[39m
[31mC:\Users\ammer\Documents\OELAN\FrontRow\backend\src\repositories\EventRepositoryImpl.ts:106:37[39m

[31m  103  * @returns A promise that resolves to an array of events[39m
[31m  104  */[39m
[31m  105 async findAllByDate(): Promise<Events[]> {[39m
[31m→ 106   return await this.prisma.events.findMany([39m
[31mCan't reach database server at `localhost:54321`[39m

[31mPlease make sure your database server is running at `localhost:54321`.[39m
2025-10-02 22:39:05:395 [32minfo[39m: [32mSuccessfully retrieved all events[39m
2025-10-02 22:39:05:395 [32minfo[39m: [32mSuccessfully retrieved all events[39m
2025-10-03 11:53:36:5336 [32minfo[39m: [32mServer is running on port 3000[39m
2025-10-03 13:24:51:2451 [32minfo[39m: [32mSuccessfully retrieved all events[39m
2025-10-03 13:24:51:2451 [32minfo[39m: [32mSuccessfully retrieved all events[39m
2025-10-03 13:25:09:259 [32minfo[39m: [32mSuccessfully searched events with term: Hollywood[39m
2025-10-03 13:25:11:2511 [32minfo[39m: [32mSuccessfully retrieved all events[39m
2025-10-03 13:25:22:2522 [32minfo[39m: [32mSuccessfully retrieved all events[39m
2025-10-03 13:25:23:2523 [32minfo[39m: [32mSuccessfully retrieved all events[39m
2025-10-03 14:46:17:4617 [32minfo[39m: [32mSuccessfully retrieved all events[39m
2025-10-03 14:46:18:4618 [32minfo[39m: [32mSuccessfully retrieved all events[39m
2025-10-03 14:47:32:4732 [32minfo[39m: [32mSuccessfully retrieved event with ID: 7160fbcc-1b8f-4126-b0f0-38533f87806e[39m
2025-10-03 14:47:32:4732 [32minfo[39m: [32mSuccessfully retrieved event with ID: 7160fbcc-1b8f-4126-b0f0-38533f87806e[39m
2025-10-03 14:47:59:4759 [32minfo[39m: [32mSuccessfully retrieved all events[39m
2025-10-03 14:48:00:480 [32minfo[39m: [32mSuccessfully retrieved all events[39m
2025-10-03 14:48:08:488 [32minfo[39m: [32mSuccessfully retrieved event with ID: 7160fbcc-1b8f-4126-b0f0-38533f87806e[39m
2025-10-03 14:48:08:488 [32minfo[39m: [32mSuccessfully retrieved event with ID: 7160fbcc-1b8f-4126-b0f0-38533f87806e[39m
2025-10-03 14:48:14:4814 [32minfo[39m: [32mSuccessfully retrieved event with ID: 7160fbcc-1b8f-4126-b0f0-38533f87806e[39m
2025-10-03 14:48:14:4814 [32minfo[39m: [32mSuccessfully retrieved event with ID: 7160fbcc-1b8f-4126-b0f0-38533f87806e[39m
2025-10-03 14:48:32:4832 [32minfo[39m: [32mSuccessfully processed ticket purchase for event 7160fbcc-1b8f-4126-b0f0-38533f87806e by user 67ad2827-4cf5-4f96-926c-9d1d6c85ee4d[39m
2025-10-03 14:49:17:4917 [32minfo[39m: [32mSuccessfully retrieved all events[39m
2025-10-03 14:49:17:4917 [32minfo[39m: [32mSuccessfully retrieved all events[39m
2025-10-03 14:50:10:5010 [32minfo[39m: [32mUser registered successfully: test@test.test[39m
2025-10-03 14:50:10:5010 [32minfo[39m: [32mSuccessfully retrieved all events[39m
2025-10-03 14:50:11:5011 [32minfo[39m: [32mSuccessfully retrieved all events[39m
2025-10-03 14:50:25:5025 [32minfo[39m: [32mSuccessfully retrieved all events[39m
2025-10-03 14:50:25:5025 [32minfo[39m: [32mSuccessfully retrieved all events[39m
2025-10-03 14:50:35:5035 [32minfo[39m: [32mSuccessfully searched events with term: Hollywood[39m
2025-10-03 14:50:35:5035 [32minfo[39m: [32mSuccessfully searched events with term: Hollywood[39m
2025-10-03 14:50:42:5042 [32minfo[39m: [32mSuccessfully retrieved all events[39m
2025-10-03 14:50:42:5042 [32minfo[39m: [32mSuccessfully retrieved all events[39m
2025-10-03 14:51:12:5112 [32minfo[39m: [32mEvent created successfully: Hollywood party[39m
2025-10-03 14:51:12:5112 [32minfo[39m: [32mSuccessfully retrieved all events[39m
2025-10-03 14:51:13:5113 [32minfo[39m: [32mSuccessfully retrieved all events[39m
2025-10-03 14:51:18:5118 [32minfo[39m: [32mSuccessfully searched events with term: hollywood[39m
2025-10-03 14:51:23:5123 [32minfo[39m: [32mSuccessfully retrieved all events[39m
2025-10-03 14:51:48:5148 [32minfo[39m: [32mSuccessfully retrieved sales overview data[39m
2025-10-03 14:51:48:5148 [32minfo[39m: [32mSuccessfully retrieved sales overview data[39m
2025-10-03 14:51:48:5148 [32minfo[39m: [32mSuccessfully retrieved sales overview data[39m
2025-10-03 14:51:48:5148 [32minfo[39m: [32mSuccessfully retrieved sales overview data[39m
2025-10-03 14:52:22:5222 [32minfo[39m: [32mSuccessfully retrieved user purchase report data[39m
2025-10-03 22:32:00:320 [32minfo[39m: [32mSuccessfully retrieved all events[39m
2025-10-03 22:32:01:321 [32minfo[39m: [32mSuccessfully retrieved all events[39m
2025-10-10 15:33:11:3311 [32minfo[39m: [32mServer is running on port 3000[39m
2025-10-10 15:33:33:3333 [35mhttp[39m: [35m[1760106813947-273081] GET /api/v1/docs/json - Request started[39m
2025-10-10 15:33:33:3333 [35mhttp[39m: [35m[1760106813947-273081] GET /json - Response status: 200[39m
2025-10-10 15:33:57:3357 [32minfo[39m: [32mServer is running on port 3000[39m
2025-10-10 15:34:16:3416 [35mhttp[39m: [35m[1760106856047-787725] GET /api/v1/docs/json - Request started[39m
2025-10-10 15:34:16:3416 [35mhttp[39m: [35m[1760106856047-787725] GET /json - Response status: 200[39m
2025-10-10 15:34:24:3424 [35mhttp[39m: [35m[1760106864374-860089] GET /api/v1/docs/ - Request started[39m
2025-10-10 15:34:24:3424 [35mhttp[39m: [35m[1760106864374-860089] GET / - Response status: 200[39m
2025-10-10 15:43:34:4334 [32minfo[39m: [32mServer is running on port 3000[39m
2025-10-10 15:43:34:4334 [35mhttp[39m: [35m[1760107414959-252619] GET /api/v1/docs - Request started[39m
2025-10-10 15:43:34:4334 [35mhttp[39m: [35m[1760107414959-252619] GET / - Response status: 301[39m
2025-10-10 15:43:34:4334 [35mhttp[39m: [35m[1760107414974-381457] GET /api/v1/docs/ - Request started[39m
2025-10-10 15:43:34:4334 [35mhttp[39m: [35m[1760107414974-381457] GET / - Response status: 200[39m
2025-10-10 15:43:34:4334 [35mhttp[39m: [35m[1760107414989-768169] GET /api/v1/docs/swagger-ui.css - Request started[39m
2025-10-10 15:43:34:4334 [35mhttp[39m: [35m[1760107414991-855537] GET /api/v1/docs/swagger-ui-bundle.js - Request started[39m
2025-10-10 15:43:34:4334 [35mhttp[39m: [35m[1760107414989-768169] GET /swagger-ui.css - Response status: 200[39m
2025-10-10 15:43:34:4334 [35mhttp[39m: [35m[1760107414999-43792] GET /api/v1/docs/swagger-ui-standalone-preset.js - Request started[39m
2025-10-10 15:43:35:4335 [35mhttp[39m: [35m[1760107415002-629517] GET /api/v1/docs/swagger-ui-init.js - Request started[39m
2025-10-10 15:43:35:4335 [35mhttp[39m: [35m[1760107415002-629517] GET /swagger-ui-init.js - Response status: 200[39m
2025-10-10 15:43:35:4335 [35mhttp[39m: [35m[1760107414999-43792] GET /swagger-ui-standalone-preset.js - Response status: 200[39m
2025-10-10 15:43:35:4335 [35mhttp[39m: [35m[1760107414991-855537] GET /swagger-ui-bundle.js - Response status: 200[39m
2025-10-10 15:43:35:4335 [35mhttp[39m: [35m[1760107415845-836113] GET /api/v1/docs/favicon-32x32.png - Request started[39m
2025-10-10 15:43:35:4335 [35mhttp[39m: [35m[1760107415845-836113] GET /favicon-32x32.png - Response status: 200[39m
2025-10-10 16:12:04:124 [32minfo[39m: [32mServer is running on port 3000[39m
2025-10-10 16:12:20:1220 [32minfo[39m: [32mServer is running on port 3000[39m
2025-10-10 16:12:24:1224 [35mhttp[39m: [35m[1760109144643-626685] GET /api/v1/docs/ - Request started[39m
2025-10-10 16:12:24:1224 [35mhttp[39m: [35m[1760109144643-626685] GET / - Response status: 304[39m
2025-10-10 16:12:24:1224 [35mhttp[39m: [35m[1760109144658-760023] GET /api/v1/docs/swagger-ui.css - Request started[39m
2025-10-10 16:12:24:1224 [35mhttp[39m: [35m[1760109144658-760023] GET /swagger-ui.css - Response status: 304[39m
2025-10-10 16:12:24:1224 [35mhttp[39m: [35m[1760109144662-176513] GET /api/v1/docs/swagger-ui-bundle.js - Request started[39m
2025-10-10 16:12:24:1224 [35mhttp[39m: [35m[1760109144662-410232] GET /api/v1/docs/swagger-ui-standalone-preset.js - Request started[39m
2025-10-10 16:12:24:1224 [35mhttp[39m: [35m[1760109144663-630182] GET /api/v1/docs/swagger-ui-init.js - Request started[39m
2025-10-10 16:12:24:1224 [35mhttp[39m: [35m[1760109144663-630182] GET /swagger-ui-init.js - Response status: 200[39m
2025-10-10 16:12:24:1224 [35mhttp[39m: [35m[1760109144662-176513] GET /swagger-ui-bundle.js - Response status: 304[39m
2025-10-10 16:12:24:1224 [35mhttp[39m: [35m[1760109144662-410232] GET /swagger-ui-standalone-preset.js - Response status: 304[39m
2025-10-10 16:12:24:1224 [35mhttp[39m: [35m[1760109144861-188485] GET /api/v1/docs/favicon-32x32.png - Request started[39m
2025-10-10 16:12:24:1224 [35mhttp[39m: [35m[1760109144861-188485] GET /favicon-32x32.png - Response status: 304[39m
2025-10-10 19:57:53:5753 [35mhttp[39m: [35m[1760122673788-306249] GET /api/v1/events - Request started[39m
2025-10-10 19:57:53:5753 [33mwarn[39m: [33mCustom error: VALIDATION_ERROR - Validation failed: Cannot set property query of #<IncomingMessage> which has only a getter[39m
2025-10-10 19:57:53:5753 [35mhttp[39m: [35m[1760122673788-306249] GET /api/v1/events - Response status: 400[39m
2025-10-10 19:57:53:5753 [35mhttp[39m: [35m[1760122673802-123089] GET /api/v1/events - Request started[39m
2025-10-10 19:57:53:5753 [33mwarn[39m: [33mCustom error: VALIDATION_ERROR - Validation failed: Cannot set property query of #<IncomingMessage> which has only a getter[39m
2025-10-10 19:57:53:5753 [35mhttp[39m: [35m[1760122673802-123089] GET /api/v1/events - Response status: 400[39m
2025-10-15 00:08:38:838 [32minfo[39m: [32mServer is running on port 3000[39m
2025-10-15 00:09:15:915 [35mhttp[39m: [35m[1760483355875-502597] GET /api/v1/events - Request started[39m
2025-10-15 00:09:15:915 [33mwarn[39m: [33mCustom error: VALIDATION_ERROR - Validation failed: Cannot set property query of #<IncomingMessage> which has only a getter[39m
2025-10-15 00:09:15:915 [35mhttp[39m: [35m[1760483355875-502597] GET /api/v1/events - Response status: 400[39m
2025-10-15 00:09:15:915 [35mhttp[39m: [35m[1760483355930-172999] GET /api/v1/events - Request started[39m
2025-10-15 00:09:15:915 [33mwarn[39m: [33mCustom error: VALIDATION_ERROR - Validation failed: Cannot set property query of #<IncomingMessage> which has only a getter[39m
2025-10-15 00:09:15:915 [35mhttp[39m: [35m[1760483355930-172999] GET /api/v1/events - Response status: 400[39m
2025-10-15 00:10:30:1030 [35mhttp[39m: [35m[1760483430646-111749] GET /api/v1/events - Request started[39m
2025-10-15 00:10:30:1030 [33mwarn[39m: [33mCustom error: VALIDATION_ERROR - Validation failed: Cannot set property query of #<IncomingMessage> which has only a getter[39m
2025-10-15 00:10:30:1030 [35mhttp[39m: [35m[1760483430646-111749] GET /api/v1/events - Response status: 400[39m
2025-10-15 00:10:30:1030 [35mhttp[39m: [35m[1760483430654-247502] GET /api/v1/events - Request started[39m
2025-10-15 00:10:30:1030 [33mwarn[39m: [33mCustom error: VALIDATION_ERROR - Validation failed: Cannot set property query of #<IncomingMessage> which has only a getter[39m
2025-10-15 00:10:30:1030 [35mhttp[39m: [35m[1760483430654-247502] GET /api/v1/events - Response status: 400[39m
2025-10-15 00:12:05:125 [35mhttp[39m: [35m[1760483525581-782580] GET /api/v1/events - Request started[39m
2025-10-15 00:12:05:125 [33mwarn[39m: [33mCustom error: VALIDATION_ERROR - Validation failed: Cannot set property query of #<IncomingMessage> which has only a getter[39m
2025-10-15 00:12:05:125 [35mhttp[39m: [35m[1760483525581-782580] GET /api/v1/events - Response status: 400[39m
2025-10-15 00:12:05:125 [35mhttp[39m: [35m[1760483525584-950396] GET /api/v1/events - Request started[39m
2025-10-15 00:12:05:125 [33mwarn[39m: [33mCustom error: VALIDATION_ERROR - Validation failed: Cannot set property query of #<IncomingMessage> which has only a getter[39m
2025-10-15 00:12:05:125 [35mhttp[39m: [35m[1760483525584-950396] GET /api/v1/events - Response status: 400[39m
2025-10-15 00:12:24:1224 [35mhttp[39m: [35m[1760483544555-980868] GET /api/v1/events - Request started[39m
2025-10-15 00:12:24:1224 [33mwarn[39m: [33mCustom error: VALIDATION_ERROR - Validation failed: Cannot set property query of #<IncomingMessage> which has only a getter[39m
2025-10-15 00:12:24:1224 [35mhttp[39m: [35m[1760483544555-980868] GET /api/v1/events - Response status: 400[39m
2025-10-15 00:12:24:1224 [35mhttp[39m: [35m[1760483544561-164892] GET /api/v1/events - Request started[39m
2025-10-15 00:12:24:1224 [33mwarn[39m: [33mCustom error: VALIDATION_ERROR - Validation failed: Cannot set property query of #<IncomingMessage> which has only a getter[39m
2025-10-15 00:12:24:1224 [35mhttp[39m: [35m[1760483544561-164892] GET /api/v1/events - Response status: 400[39m
2025-10-21 21:10:45:1045 [32minfo[39m: [32mServer is running on port 3000[39m
2025-10-21 21:11:07:117 [35mhttp[39m: [35m[1761077467835-498460] GET /api/v1/events - Request started[39m
2025-10-21 21:11:07:117 [37mdebug[39m: [37m[1761077467835-498460] Get all events controller called[39m
2025-10-21 21:11:07:117 [37mdebug[39m: [37mEventsService.getEnrichedEvents called[39m
2025-10-21 21:11:07:117 [31merror[39m: [31mError in getEnrichedEvents: [39m
[31mInvalid `this.prisma.events.findMany()` invocation in[39m
[31mC:\Users\ammer\Documents\OELAN\FrontRow - kopie\Frontrow\backend\src\repositories\EventRepositoryImpl.ts:21:37[39m

[31m  18  * @returns A promise that resolves to an array of all events[39m
[31m  19  */[39m
[31m  20 async findAll(): Promise<Events[]> {[39m
[31m→ 21   return await this.prisma.events.findMany([39m
[31merror: Environment variable not found: DATABASE_URL.[39m
[31m  -->  schema.prisma:7[39m
[31m   | [39m
[31m 6 |   provider = "postgresql"[39m
[31m 7 |   url      = env("DATABASE_URL")[39m
[31m   | [39m

[31mValidation Error Count: 1[39m
2025-10-21 21:11:07:117 [31merror[39m: [31m[1761077467835-498460] Error in getAllEventsController: Failed to retrieve events[39m
2025-10-21 21:11:07:117 [31merror[39m: [31m[1761077467835-498460] Internal server error in getAllEventsController[39m
2025-10-21 21:11:07:117 [31merror[39m: [31mUnexpected error: Failed to retrieve events[39m
2025-10-21 21:11:07:117 [33mwarn[39m: [33mCustom error: INTERNAL_SERVER_ERROR - Failed to retrieve events[39m
2025-10-21 21:11:07:117 [35mhttp[39m: [35m[1761077467835-498460] GET /api/v1/events - Response status: 500[39m
2025-10-21 21:11:07:117 [35mhttp[39m: [35m[1761077467938-468242] GET /api/v1/events - Request started[39m
2025-10-21 21:11:07:117 [37mdebug[39m: [37m[1761077467938-468242] Get all events controller called[39m
2025-10-21 21:11:07:117 [37mdebug[39m: [37mEventsService.getEnrichedEvents called[39m
2025-10-21 21:11:07:117 [31merror[39m: [31mError in getEnrichedEvents: [39m
[31mInvalid `this.prisma.events.findMany()` invocation in[39m
[31mC:\Users\ammer\Documents\OELAN\FrontRow - kopie\Frontrow\backend\src\repositories\EventRepositoryImpl.ts:21:37[39m

[31m  18  * @returns A promise that resolves to an array of all events[39m
[31m  19  */[39m
[31m  20 async findAll(): Promise<Events[]> {[39m
[31m→ 21   return await this.prisma.events.findMany([39m
[31merror: Environment variable not found: DATABASE_URL.[39m
[31m  -->  schema.prisma:7[39m
[31m   | [39m
[31m 6 |   provider = "postgresql"[39m
[31m 7 |   url      = env("DATABASE_URL")[39m
[31m   | [39m

[31mValidation Error Count: 1[39m
2025-10-21 21:11:07:117 [31merror[39m: [31m[1761077467938-468242] Error in getAllEventsController: Failed to retrieve events[39m
2025-10-21 21:11:07:117 [31merror[39m: [31m[1761077467938-468242] Internal server error in getAllEventsController[39m
2025-10-21 21:11:07:117 [31merror[39m: [31mUnexpected error: Failed to retrieve events[39m
2025-10-21 21:11:07:117 [33mwarn[39m: [33mCustom error: INTERNAL_SERVER_ERROR - Failed to retrieve events[39m
2025-10-21 21:11:07:117 [35mhttp[39m: [35m[1761077467938-468242] GET /api/v1/events - Response status: 500[39m
2025-10-22 23:27:01:271 [32minfo[39m: [32mServer is running on port 3000[39m
2025-10-22 23:27:29:2729 [35mhttp[39m: [35m[1761172049799-988203] GET /api/v1/events - Request started[39m
2025-10-22 23:27:29:2729 [37mdebug[39m: [37m[1761172049799-988203] Get all events controller called[39m
2025-10-22 23:27:29:2729 [37mdebug[39m: [37mEventsService.getEnrichedEvents called[39m
2025-10-22 23:27:29:2729 [31merror[39m: [31mError in getEnrichedEvents: [39m
[31mInvalid `this.prisma.events.findMany()` invocation in[39m
[31mC:\Users\ammer\Documents\OELAN\FrontRow - kopie\Frontrow\backend\src\repositories\EventRepositoryImpl.ts:21:37[39m

[31m  18  * @returns A promise that resolves to an array of all events[39m
[31m  19  */[39m
[31m  20 async findAll(): Promise<Events[]> {[39m
[31m→ 21   return await this.prisma.events.findMany([39m
[31merror: Environment variable not found: DATABASE_URL.[39m
[31m  -->  schema.prisma:7[39m
[31m   | [39m
[31m 6 |   provider = "postgresql"[39m
[31m 7 |   url      = env("DATABASE_URL")[39m
[31m   | [39m

[31mValidation Error Count: 1[39m
2025-10-22 23:27:29:2729 [31merror[39m: [31m[1761172049799-988203] Error in getAllEventsController: Failed to retrieve events[39m
2025-10-22 23:27:29:2729 [31merror[39m: [31m[1761172049799-988203] Internal server error in getAllEventsController[39m
2025-10-22 23:27:29:2729 [31merror[39m: [31mUnexpected error: Failed to retrieve events[39m
2025-10-22 23:27:29:2729 [33mwarn[39m: [33mCustom error: INTERNAL_SERVER_ERROR - Failed to retrieve events[39m
2025-10-22 23:27:29:2729 [35mhttp[39m: [35m[1761172049799-988203] GET /api/v1/events - Response status: 500[39m
2025-10-22 23:27:29:2729 [35mhttp[39m: [35m[1761172049889-179257] GET /api/v1/events - Request started[39m
2025-10-22 23:27:29:2729 [37mdebug[39m: [37m[1761172049889-179257] Get all events controller called[39m
2025-10-22 23:27:29:2729 [37mdebug[39m: [37mEventsService.getEnrichedEvents called[39m
2025-10-22 23:27:29:2729 [31merror[39m: [31mError in getEnrichedEvents: [39m
[31mInvalid `this.prisma.events.findMany()` invocation in[39m
[31mC:\Users\ammer\Documents\OELAN\FrontRow - kopie\Frontrow\backend\src\repositories\EventRepositoryImpl.ts:21:37[39m

[31m  18  * @returns A promise that resolves to an array of all events[39m
[31m  19  */[39m
[31m  20 async findAll(): Promise<Events[]> {[39m
[31m→ 21   return await this.prisma.events.findMany([39m
[31merror: Environment variable not found: DATABASE_URL.[39m
[31m  -->  schema.prisma:7[39m
[31m   | [39m
[31m 6 |   provider = "postgresql"[39m
[31m 7 |   url      = env("DATABASE_URL")[39m
[31m   | [39m

[31mValidation Error Count: 1[39m
2025-10-22 23:27:29:2729 [31merror[39m: [31m[1761172049889-179257] Error in getAllEventsController: Failed to retrieve events[39m
2025-10-22 23:27:29:2729 [31merror[39m: [31m[1761172049889-179257] Internal server error in getAllEventsController[39m
2025-10-22 23:27:29:2729 [31merror[39m: [31mUnexpected error: Failed to retrieve events[39m
2025-10-22 23:27:29:2729 [33mwarn[39m: [33mCustom error: INTERNAL_SERVER_ERROR - Failed to retrieve events[39m
2025-10-22 23:27:29:2729 [35mhttp[39m: [35m[1761172049889-179257] GET /api/v1/events - Response status: 500[39m
2025-10-22 23:27:29:2729 [35mhttp[39m: [35m[1761172049918-50966] GET /api/v1/events - Request started[39m
2025-10-22 23:27:29:2729 [37mdebug[39m: [37m[1761172049918-50966] Get all events controller called[39m
2025-10-22 23:27:29:2729 [37mdebug[39m: [37mEventsService.getEnrichedEvents called[39m
2025-10-22 23:27:29:2729 [31merror[39m: [31mError in getEnrichedEvents: [39m
[31mInvalid `this.prisma.events.findMany()` invocation in[39m
[31mC:\Users\ammer\Documents\OELAN\FrontRow - kopie\Frontrow\backend\src\repositories\EventRepositoryImpl.ts:21:37[39m

[31m  18  * @returns A promise that resolves to an array of all events[39m
[31m  19  */[39m
[31m  20 async findAll(): Promise<Events[]> {[39m
[31m→ 21   return await this.prisma.events.findMany([39m
[31merror: Environment variable not found: DATABASE_URL.[39m
[31m  -->  schema.prisma:7[39m
[31m   | [39m
[31m 6 |   provider = "postgresql"[39m
[31m 7 |   url      = env("DATABASE_URL")[39m
[31m   | [39m

[31mValidation Error Count: 1[39m
2025-10-22 23:27:29:2729 [31merror[39m: [31m[1761172049918-50966] Error in getAllEventsController: Failed to retrieve events[39m
2025-10-22 23:27:29:2729 [31merror[39m: [31m[1761172049918-50966] Internal server error in getAllEventsController[39m
2025-10-22 23:27:29:2729 [31merror[39m: [31mUnexpected error: Failed to retrieve events[39m
2025-10-22 23:27:29:2729 [33mwarn[39m: [33mCustom error: INTERNAL_SERVER_ERROR - Failed to retrieve events[39m
2025-10-22 23:27:29:2729 [35mhttp[39m: [35m[1761172049918-50966] GET /api/v1/events - Response status: 500[39m
2025-10-22 23:27:29:2729 [35mhttp[39m: [35m[1761172049929-8091] GET /api/v1/events - Request started[39m
2025-10-22 23:27:29:2729 [37mdebug[39m: [37m[1761172049929-8091] Get all events controller called[39m
2025-10-22 23:27:29:2729 [37mdebug[39m: [37mEventsService.getEnrichedEvents called[39m
2025-10-22 23:27:29:2729 [31merror[39m: [31mError in getEnrichedEvents: [39m
[31mInvalid `this.prisma.events.findMany()` invocation in[39m
[31mC:\Users\ammer\Documents\OELAN\FrontRow - kopie\Frontrow\backend\src\repositories\EventRepositoryImpl.ts:21:37[39m

[31m  18  * @returns A promise that resolves to an array of all events[39m
[31m  19  */[39m
[31m  20 async findAll(): Promise<Events[]> {[39m
[31m→ 21   return await this.prisma.events.findMany([39m
[31merror: Environment variable not found: DATABASE_URL.[39m
[31m  -->  schema.prisma:7[39m
[31m   | [39m
[31m 6 |   provider = "postgresql"[39m
[31m 7 |   url      = env("DATABASE_URL")[39m
[31m   | [39m

[31mValidation Error Count: 1[39m
2025-10-22 23:27:29:2729 [31merror[39m: [31m[1761172049929-8091] Error in getAllEventsController: Failed to retrieve events[39m
2025-10-22 23:27:29:2729 [31merror[39m: [31m[1761172049929-8091] Internal server error in getAllEventsController[39m
2025-10-22 23:27:29:2729 [31merror[39m: [31mUnexpected error: Failed to retrieve events[39m
2025-10-22 23:27:29:2729 [33mwarn[39m: [33mCustom error: INTERNAL_SERVER_ERROR - Failed to retrieve events[39m
2025-10-22 23:27:29:2729 [35mhttp[39m: [35m[1761172049929-8091] GET /api/v1/events - Response status: 500[39m
2025-10-23 00:13:38:1338 [32minfo[39m: [32mServer is running on port 3000[39m
2025-10-23 00:13:59:1359 [32minfo[39m: [32mServer is running on port 3000[39m
2025-10-23 00:14:24:1424 [35mhttp[39m: [35m[1761174864772-591522] GET /api/v1/events - Request started[39m
2025-10-23 00:14:24:1424 [37mdebug[39m: [37m[1761174864772-591522] Get all events controller called[39m
2025-10-23 00:14:24:1424 [37mdebug[39m: [37mEventsService.getEnrichedEvents called[39m
2025-10-23 00:14:24:1424 [31merror[39m: [31mError in getEnrichedEvents: [39m
[31mInvalid `this.prisma.events.findMany()` invocation in[39m
[31mC:\Users\ammer\Documents\OELAN\FrontRow - kopie\Frontrow\backend\src\repositories\EventRepositoryImpl.ts:21:37[39m

[31m  18  * @returns A promise that resolves to an array of all events[39m
[31m  19  */[39m
[31m  20 async findAll(): Promise<Events[]> {[39m
[31m→ 21   return await this.prisma.events.findMany([39m
[31merror: Environment variable not found: DATABASE_URL.[39m
[31m  -->  schema.prisma:7[39m
[31m   | [39m
[31m 6 |   provider = "postgresql"[39m
[31m 7 |   url      = env("DATABASE_URL")[39m
[31m   | [39m

[31mValidation Error Count: 1[39m
2025-10-23 00:14:24:1424 [31merror[39m: [31m[1761174864772-591522] Error in getAllEventsController: Failed to retrieve events[39m
2025-10-23 00:14:24:1424 [31merror[39m: [31m[1761174864772-591522] Internal server error in getAllEventsController[39m
2025-10-23 00:14:24:1424 [31merror[39m: [31mUnexpected error: Failed to retrieve events[39m
2025-10-23 00:14:24:1424 [33mwarn[39m: [33mCustom error: INTERNAL_SERVER_ERROR - Failed to retrieve events[39m
2025-10-23 00:14:24:1424 [35mhttp[39m: [35m[1761174864772-591522] GET /api/v1/events - Response status: 500[39m
2025-10-23 00:14:24:1424 [35mhttp[39m: [35m[1761174864845-867204] GET /api/v1/events - Request started[39m
2025-10-23 00:14:24:1424 [37mdebug[39m: [37m[1761174864845-867204] Get all events controller called[39m
2025-10-23 00:14:24:1424 [37mdebug[39m: [37mEventsService.getEnrichedEvents called[39m
2025-10-23 00:14:24:1424 [31merror[39m: [31mError in getEnrichedEvents: [39m
[31mInvalid `this.prisma.events.findMany()` invocation in[39m
[31mC:\Users\ammer\Documents\OELAN\FrontRow - kopie\Frontrow\backend\src\repositories\EventRepositoryImpl.ts:21:37[39m

[31m  18  * @returns A promise that resolves to an array of all events[39m
[31m  19  */[39m
[31m  20 async findAll(): Promise<Events[]> {[39m
[31m→ 21   return await this.prisma.events.findMany([39m
[31merror: Environment variable not found: DATABASE_URL.[39m
[31m  -->  schema.prisma:7[39m
[31m   | [39m
[31m 6 |   provider = "postgresql"[39m
[31m 7 |   url      = env("DATABASE_URL")[39m
[31m   | [39m

[31mValidation Error Count: 1[39m
2025-10-23 00:14:24:1424 [31merror[39m: [31m[1761174864845-867204] Error in getAllEventsController: Failed to retrieve events[39m
2025-10-23 00:14:24:1424 [31merror[39m: [31m[1761174864845-867204] Internal server error in getAllEventsController[39m
2025-10-23 00:14:24:1424 [31merror[39m: [31mUnexpected error: Failed to retrieve events[39m
2025-10-23 00:14:24:1424 [33mwarn[39m: [33mCustom error: INTERNAL_SERVER_ERROR - Failed to retrieve events[39m
2025-10-23 00:14:24:1424 [35mhttp[39m: [35m[1761174864845-867204] GET /api/v1/events - Response status: 500[39m
2025-10-23 00:14:33:1433 [35mhttp[39m: [35m[1761174873916-276745] OPTIONS /api/v1/auth/login - Request started[39m
2025-10-23 00:14:33:1433 [35mhttp[39m: [35m[1761174873916-276745] OPTIONS /api/v1/auth/login - Response status: 204[39m
2025-10-23 00:14:33:1433 [35mhttp[39m: [35m[1761174873923-328952] POST /api/v1/auth/login - Request started[39m
2025-10-23 00:14:33:1433 [33mwarn[39m: [33mCustom error: VALIDATION_ERROR - "email" must be a valid email[39m
2025-10-23 00:14:33:1433 [35mhttp[39m: [35m[1761174873923-328952] POST /api/v1/auth/login - Response status: 400[39m
2025-10-23 00:18:38:1838 [35mhttp[39m: [35m[1761175118754-216542] OPTIONS /api/v1/auth/login - Request started[39m
2025-10-23 00:18:38:1838 [35mhttp[39m: [35m[1761175118754-216542] OPTIONS /api/v1/auth/login - Response status: 204[39m
2025-10-23 00:18:38:1838 [35mhttp[39m: [35m[1761175118762-83429] POST /api/v1/auth/login - Request started[39m
2025-10-23 00:18:38:1838 [33mwarn[39m: [33mCustom error: VALIDATION_ERROR - "email" must be a valid email[39m
2025-10-23 00:18:38:1838 [35mhttp[39m: [35m[1761175118762-83429] POST /api/v1/auth/login - Response status: 400[39m
2025-10-23 00:22:25:2225 [35mhttp[39m: [35m[1761175345315-677252] POST /api/auth/login - Request started[39m
2025-10-23 00:22:25:2225 [35mhttp[39m: [35m[1761175345315-677252] POST /api/auth/login - Response status: 404[39m
2025-10-23 00:23:28:2328 [35mhttp[39m: [35m[1761175408553-190412] POST /api/v1/auth/login - Request started[39m
2025-10-23 00:23:28:2328 [33mwarn[39m: [33mCustom error: VALIDATION_ERROR - "email" must be a valid email[39m
2025-10-23 00:23:28:2328 [35mhttp[39m: [35m[1761175408553-190412] POST /api/v1/auth/login - Response status: 400[39m
2025-10-23 00:30:31:3031 [32minfo[39m: [32mServer is running on port 3000[39m
2025-10-23 00:30:35:3035 [35mhttp[39m: [35m[1761175835135-777652] POST /api/v1/auth/login - Request started[39m
2025-10-23 00:30:35:3035 [33mwarn[39m: [33mCustom error: VALIDATION_ERROR - "email" must be a valid email[39m
2025-10-23 00:30:35:3035 [35mhttp[39m: [35m[1761175835135-777652] POST /api/v1/auth/login - Response status: 400[39m
2025-10-23 00:30:58:3058 [32minfo[39m: [32mServer is running on port 3000[39m
2025-10-23 00:31:31:3131 [35mhttp[39m: [35m[1761175891618-594984] POST /api/v1/auth/login - Request started[39m
2025-10-23 00:31:31:3131 [33mwarn[39m: [33mCustom error: VALIDATION_ERROR - "email" must be a valid email[39m
2025-10-23 00:31:31:3131 [35mhttp[39m: [35m[1761175891618-594984] POST /api/v1/auth/login - Response status: 400[39m
2025-10-23 00:37:55:3755 [32minfo[39m: [32mServer is running on port 3000[39m
2025-10-23 00:38:55:3855 [35mhttp[39m: [35m[1761176335657-614454] POST /api/v1/auth/login - Request started[39m
2025-10-23 00:38:55:3855 [33mwarn[39m: [33mCustom error: VALIDATION_ERROR - "email" must be a valid email[39m
2025-10-23 00:38:55:3855 [35mhttp[39m: [35m[1761176335657-614454] POST /api/v1/auth/login - Response status: 400[39m
2025-10-23 23:02:10:210 [32minfo[39m: [32mServer is running on port 3000[39m
2025-10-23 23:03:10:310 [35mhttp[39m: [35m[1761256990281-363848] POST /auth/login - Request started[39m
2025-10-23 23:03:10:310 [35mhttp[39m: [35m[1761256990281-363848] POST /auth/login - Response status: 404[39m
2025-10-23 23:03:25:325 [35mhttp[39m: [35m[1761257005583-906157] POST /api/v1/auth/login - Request started[39m
2025-10-23 23:03:25:325 [33mwarn[39m: [33mCustom error: VALIDATION_ERROR - "email" must be a valid email[39m
2025-10-23 23:03:25:325 [35mhttp[39m: [35m[1761257005583-906157] POST /api/v1/auth/login - Response status: 400[39m
2025-10-23 23:03:58:358 [32minfo[39m: [32mServer is running on port 3000[39m
2025-10-23 23:05:00:50 [35mhttp[39m: [35m[1761257100331-694684] POST /api/v1/auth/login - Request started[39m
2025-10-23 23:05:00:50 [33mwarn[39m: [33mCustom error: VALIDATION_ERROR - "email" must be a valid email[39m
2025-10-23 23:05:00:50 [35mhttp[39m: [35m[1761257100331-694684] POST /api/v1/auth/login - Response status: 400[39m
2025-10-23 23:05:32:532 [32minfo[39m: [32mServer is running on port 3000[39m
2025-10-23 23:05:59:559 [35mhttp[39m: [35m[1761257159210-315372] POST /api/v1/auth/login - Request started[39m
2025-10-23 23:05:59:559 [33mwarn[39m: [33mCustom error: VALIDATION_ERROR - "email" must be a valid email[39m
2025-10-23 23:05:59:559 [35mhttp[39m: [35m[1761257159210-315372] POST /api/v1/auth/login - Response status: 400[39m
2025-10-23 23:09:13:913 [32minfo[39m: [32mServer is running on port 3000[39m
2025-10-23 23:10:15:1015 [35mhttp[39m: [35m[1761257415046-171342] POST /api/v1/auth/login - Request started[39m
2025-10-23 23:10:15:1015 [33mwarn[39m: [33mCustom error: VALIDATION_ERROR - "email" must be a valid email[39m
2025-10-23 23:10:15:1015 [35mhttp[39m: [35m[1761257415046-171342] POST /api/v1/auth/login - Response status: 400[39m
2025-10-23 23:10:47:1047 [32minfo[39m: [32mServer is running on port 3000[39m
2025-10-23 23:10:52:1052 [35mhttp[39m: [35m[1761257452084-161815] POST /api/v1/auth/login - Request started[39m
2025-10-23 23:10:52:1052 [33mwarn[39m: [33mCustom error: VALIDATION_ERROR - "email" must be a valid email[39m
2025-10-23 23:10:52:1052 [35mhttp[39m: [35m[1761257452084-161815] POST /api/v1/auth/login - Response status: 400[39m
2025-10-23 23:11:44:1144 [32minfo[39m: [32mServer is running on port 3000[39m
2025-10-23 23:12:18:1218 [35mhttp[39m: [35m[1761257538729-844303] POST /api/v1/auth/login - Request started[39m
2025-10-23 23:12:18:1218 [33mwarn[39m: [33mCustom error: VALIDATION_ERROR - "email" must be a valid email[39m
2025-10-23 23:12:18:1218 [35mhttp[39m: [35m[1761257538729-844303] POST /api/v1/auth/login - Response status: 400[39m
2025-10-23 23:14:43:1443 [32minfo[39m: [32mServer is running on port 3000[39m
2025-10-23 23:15:21:1521 [35mhttp[39m: [35m[1761257721398-292410] POST /api/v1/auth/login - Request started[39m
2025-10-23 23:15:21:1521 [33mwarn[39m: [33mCustom error: VALIDATION_ERROR - "email" must be a valid email[39m
2025-10-23 23:15:21:1521 [35mhttp[39m: [35m[1761257721398-292410] POST /api/v1/auth/login - Response status: 400[39m
2025-10-23 23:18:53:1853 [32minfo[39m: [32mServer is running on port 3000[39m
2025-10-23 23:18:59:1859 [35mhttp[39m: [35m[1761257939036-633039] POST /api/v1/auth/login - Request started[39m
2025-10-23 23:18:59:1859 [33mwarn[39m: [33mCustom error: VALIDATION_ERROR - "email" must be a valid email[39m
2025-10-23 23:18:59:1859 [35mhttp[39m: [35m[1761257939036-633039] POST /api/v1/auth/login - Response status: 400[39m
2025-10-23 23:19:28:1928 [32minfo[39m: [32mServer is running on port 3000[39m
2025-10-23 23:20:37:2037 [35mhttp[39m: [35m[1761258037870-432931] POST /api/v1/auth/login - Request started[39m
2025-10-23 23:20:37:2037 [33mwarn[39m: [33mCustom error: VALIDATION_ERROR - "email" must be a valid email[39m
2025-10-23 23:20:37:2037 [35mhttp[39m: [35m[1761258037870-432931] POST /api/v1/auth/login - Response status: 400[39m
2025-10-23 23:21:17:2117 [32minfo[39m: [32mServer is running on port 3000[39m
2025-10-23 23:22:09:229 [35mhttp[39m: [35m[1761258129316-946581] POST /test-validation - Request started[39m
2025-10-23 23:22:09:229 [35mhttp[39m: [35m[1761258129316-946581] POST /test-validation - Response status: 404[39m
2025-10-23 23:27:55:2755 [32minfo[39m: [32mServer is running on port 3000[39m
2025-10-23 23:29:21:2921 [35mhttp[39m: [35m[1761258561533-936755] POST /api/v1/auth/login - Request started[39m
2025-10-23 23:29:21:2921 [33mwarn[39m: [33mCustom error: VALIDATION_ERROR - "email" must be a valid email[39m
2025-10-23 23:29:21:2921 [35mhttp[39m: [35m[1761258561533-936755] POST /api/v1/auth/login - Response status: 400[39m
2025-10-23 23:30:32:3032 [32minfo[39m: [32mServer is running on port 3000[39m
2025-10-23 23:30:41:3041 [35mhttp[39m: [35m[1761258641974-550664] POST /api/v1/auth/login - Request started[39m
2025-10-23 23:30:41:3041 [33mwarn[39m: [33mCustom error: VALIDATION_ERROR - "email" must be a valid email[39m
2025-10-23 23:30:41:3041 [35mhttp[39m: [35m[1761258641974-550664] POST /api/v1/auth/login - Response status: 400[39m
2025-10-23 23:31:18:3118 [32minfo[39m: [32mServer is running on port 3000[39m
2025-10-23 23:31:40:3140 [35mhttp[39m: [35m[1761258700989-643432] POST /api/v1/auth/login - Request started[39m
2025-10-23 23:31:40:3140 [33mwarn[39m: [33mCustom error: VALIDATION_ERROR - "email" must be a valid email[39m
2025-10-23 23:31:40:3140 [35mhttp[39m: [35m[1761258700989-643432] POST /api/v1/auth/login - Response status: 400[39m
2025-10-23 23:32:01:321 [35mhttp[39m: [35m[1761258721815-222934] GET /api/v1/auth/login - Request started[39m
2025-10-23 23:32:01:321 [35mhttp[39m: [35m[1761258721815-222934] GET /api/v1/auth/login - Response status: 404[39m
2025-10-23 23:34:01:341 [32minfo[39m: [32mServer is running on port 3000[39m
2025-10-23 23:34:39:3439 [35mhttp[39m: [35m[1761258879650-993091] POST /api/v1/auth/login - Request started[39m
2025-10-23 23:34:39:3439 [33mwarn[39m: [33mCustom error: VALIDATION_ERROR - "email" must be a valid email[39m
2025-10-23 23:34:39:3439 [35mhttp[39m: [35m[1761258879650-993091] POST /api/v1/auth/login - Response status: 400[39m
2025-10-23 23:36:08:368 [32minfo[39m: [32mServer is running on port 3000[39m
2025-10-23 23:36:12:3612 [35mhttp[39m: [35m[1761258972535-527425] POST /api/v1/auth/login - Request started[39m
2025-10-23 23:36:12:3612 [33mwarn[39m: [33mCustom error: VALIDATION_ERROR - "email" must be a valid email[39m
2025-10-23 23:36:12:3612 [35mhttp[39m: [35m[1761258972535-527425] POST /api/v1/auth/login - Response status: 400[39m
2025-10-23 23:36:53:3653 [32minfo[39m: [32mServer is running on port 3000[39m
2025-10-23 23:37:01:371 [35mhttp[39m: [35m[1761259021871-880932] POST /api/v1/auth/login - Request started[39m
2025-10-23 23:37:01:371 [37mdebug[39m: [37m[1761259021871-880932] Login controller called[39m
2025-10-23 23:37:01:371 [37mdebug[39m: [37mAuthService.authenticateUser called[39m
2025-10-23 23:37:02:372 [31merror[39m: [31mError in authenticateUser: [39m
[31mInvalid `this.prisma.users.findFirst()` invocation in[39m
[31mC:\Users\ammer\Documents\OELAN\FrontRow - kopie\Frontrow\backend\dist\repositories\UserRepositoryImpl.js:88:40[39m

[31m  85  */[39m
[31m  86 async findByEmail(email) {[39m
[31m  87     const normalizedEmail = email.toLowerCase().trim();[39m
[31m→ 88     return await this.prisma.users.findFirst([39m
[31merror: Environment variable not found: DATABASE_URL.[39m
[31m  -->  schema.prisma:7[39m
[31m   | [39m
[31m 6 |   provider = "postgresql"[39m
[31m 7 |   url      = env("DATABASE_URL")[39m
[31m   | [39m

[31mValidation Error Count: 1[39m
2025-10-23 23:37:02:372 [31merror[39m: [31m[1761259021871-880932] Login error: Failed to authenticate user[39m
2025-10-23 23:37:02:372 [31merror[39m: [31mUnexpected error: Failed to authenticate user[39m
2025-10-23 23:37:02:372 [33mwarn[39m: [33mCustom error: INTERNAL_SERVER_ERROR - Failed to authenticate user[39m
2025-10-23 23:37:02:372 [35mhttp[39m: [35m[1761259021871-880932] POST /api/v1/auth/login - Response status: 500[39m
2025-10-24 12:56:37:5637 [32minfo[39m: [32mServer is running on port 3000[39m
